InnoDB: using atomic writes.
2021-01-26  5:15:36 0 [Note] InnoDB: Mutexes and rw_locks use Windows interlocked functions
2021-01-26  5:15:36 0 [Note] InnoDB: Uses event mutexes
2021-01-26  5:15:36 0 [Note] InnoDB: Compressed tables use zlib 1.2.11
2021-01-26  5:15:36 0 [Note] InnoDB: Number of pools: 1
2021-01-26  5:15:36 0 [Note] InnoDB: Using SSE2 crc32 instructions
2021-01-26  5:15:36 0 [Note] InnoDB: Initializing buffer pool, total size = 16M, instances = 1, chunk size = 16M
2021-01-26  5:15:36 0 [Note] InnoDB: Completed initialization of buffer pool
2021-01-26  5:15:37 0 [Note] InnoDB: Starting crash recovery from checkpoint LSN=300288
2021-01-26  5:15:38 0 [Note] InnoDB: 128 out of 128 rollback segments are active.
2021-01-26  5:15:38 0 [Note] InnoDB: Removed temporary tablespace data file: "ibtmp1"
2021-01-26  5:15:38 0 [Note] InnoDB: Creating shared tablespace for temporary tables
2021-01-26  5:15:38 0 [Note] InnoDB: Setting file 'C:\xampp\mysql\data\ibtmp1' size to 12 MB. Physically writing the file full; Please wait ...
2021-01-26  5:15:38 0 [Note] InnoDB: File 'C:\xampp\mysql\data\ibtmp1' size is now 12 MB.
2021-01-26  5:15:38 0 [Note] InnoDB: Waiting for purge to start
2021-01-26  5:15:38 0 [Note] InnoDB: 10.4.17 started; log sequence number 300297; transaction id 170
2021-01-26  5:15:38 0 [Note] InnoDB: Loading buffer pool(s) from C:\xampp\mysql\data\ib_buffer_pool
2021-01-26  5:15:38 0 [Note] Plugin 'FEEDBACK' is disabled.
2021-01-26  5:15:38 0 [Note] InnoDB: Buffer pool(s) load completed at 210126  5:15:38
2021-01-26  5:15:38 0 [Note] Server socket created on IP: '::'.
InnoDB: using atomic writes.
2021-02-01 13:33:57 0 [Note] InnoDB: Mutexes and rw_locks use Windows interlocked functions
2021-02-01 13:33:57 0 [Note] InnoDB: Uses event mutexes
2021-02-01 13:33:57 0 [Note] InnoDB: Compressed tables use zlib 1.2.11
2021-02-01 13:33:57 0 [Note] InnoDB: Number of pools: 1
2021-02-01 13:33:57 0 [Note] InnoDB: Using SSE2 crc32 instructions
2021-02-01 13:33:57 0 [Note] InnoDB: Initializing buffer pool, total size = 16M, instances = 1, chunk size = 16M
2021-02-01 13:33:57 0 [Note] InnoDB: Completed initialization of buffer pool
2021-02-01 13:33:58 0 [Note] InnoDB: Starting crash recovery from checkpoint LSN=316567
2021-02-01 13:33:59 0 [Note] InnoDB: 128 out of 128 rollback segments are active.
2021-02-01 13:33:59 0 [Note] InnoDB: Removed temporary tablespace data file: "ibtmp1"
2021-02-01 13:33:59 0 [Note] InnoDB: Creating shared tablespace for temporary tables
2021-02-01 13:33:59 0 [Note] InnoDB: Setting file 'C:\xampp\mysql\data\ibtmp1' size to 12 MB. Physically writing the file full; Please wait ...
2021-02-01 13:33:59 0 [Note] InnoDB: File 'C:\xampp\mysql\data\ibtmp1' size is now 12 MB.
2021-02-01 13:33:59 0 [Note] InnoDB: Waiting for purge to start
2021-02-01 13:33:59 0 [Note] InnoDB: 10.4.17 started; log sequence number 316576; transaction id 238
2021-02-01 13:33:59 0 [Note] InnoDB: Loading buffer pool(s) from C:\xampp\mysql\data\ib_buffer_pool
2021-02-01 13:33:59 0 [Note] Plugin 'FEEDBACK' is disabled.
2021-02-01 13:33:59 0 [Note] InnoDB: Buffer pool(s) load completed at 210201 13:33:59
2021-02-01 13:33:59 0 [Note] Server socket created on IP: '::'.
InnoDB: using atomic writes.
2021-02-02 16:33:20 0 [Note] InnoDB: Mutexes and rw_locks use Windows interlocked functions
2021-02-02 16:33:20 0 [Note] InnoDB: Uses event mutexes
2021-02-02 16:33:20 0 [Note] InnoDB: Compressed tables use zlib 1.2.11
2021-02-02 16:33:20 0 [Note] InnoDB: Number of pools: 1
2021-02-02 16:33:20 0 [Note] InnoDB: Using SSE2 crc32 instructions
2021-02-02 16:33:20 0 [Note] InnoDB: Initializing buffer pool, total size = 16M, instances = 1, chunk size = 16M
2021-02-02 16:33:20 0 [Note] InnoDB: Completed initialization of buffer pool
2021-02-02 16:33:20 0 [Note] InnoDB: Starting crash recovery from checkpoint LSN=316585
2021-02-02 16:33:22 0 [Note] InnoDB: 128 out of 128 rollback segments are active.
2021-02-02 16:33:22 0 [Note] InnoDB: Removed temporary tablespace data file: "ibtmp1"
2021-02-02 16:33:22 0 [Note] InnoDB: Creating shared tablespace for temporary tables
2021-02-02 16:33:22 0 [Note] InnoDB: Setting file 'C:\xampp\mysql\data\ibtmp1' size to 12 MB. Physically writing the file full; Please wait ...
2021-02-02 16:33:22 0 [Note] InnoDB: File 'C:\xampp\mysql\data\ibtmp1' size is now 12 MB.
2021-02-02 16:33:22 0 [Note] InnoDB: Waiting for purge to start
2021-02-02 16:33:22 0 [Note] InnoDB: Waiting for purge to start
2021-02-02 16:33:22 0 [Note] InnoDB: 10.4.17 started; log sequence number 316594; transaction id 238
2021-02-02 16:33:22 0 [Note] InnoDB: Loading buffer pool(s) from C:\xampp\mysql\data\ib_buffer_pool
2021-02-02 16:33:22 0 [Note] Plugin 'FEEDBACK' is disabled.
2021-02-02 16:33:22 0 [Note] InnoDB: Buffer pool(s) load completed at 210202 16:33:22
2021-02-02 16:33:22 0 [Note] Server socket created on IP: '::'.
InnoDB: using atomic writes.
2021-02-03 14:48:09 0 [Note] InnoDB: Mutexes and rw_locks use Windows interlocked functions
2021-02-03 14:48:09 0 [Note] InnoDB: Uses event mutexes
2021-02-03 14:48:09 0 [Note] InnoDB: Compressed tables use zlib 1.2.11
2021-02-03 14:48:09 0 [Note] InnoDB: Number of pools: 1
2021-02-03 14:48:09 0 [Note] InnoDB: Using SSE2 crc32 instructions
2021-02-03 14:48:09 0 [Note] InnoDB: Initializing buffer pool, total size = 16M, instances = 1, chunk size = 16M
2021-02-03 14:48:09 0 [Note] InnoDB: Completed initialization of buffer pool
2021-02-03 14:48:10 0 [Note] InnoDB: Starting crash recovery from checkpoint LSN=316603
2021-02-03 14:48:11 0 [Note] InnoDB: 128 out of 128 rollback segments are active.
2021-02-03 14:48:11 0 [Note] InnoDB: Removed temporary tablespace data file: "ibtmp1"
2021-02-03 14:48:11 0 [Note] InnoDB: Creating shared tablespace for temporary tables
2021-02-03 14:48:11 0 [Note] InnoDB: Setting file 'C:\xampp\mysql\data\ibtmp1' size to 12 MB. Physically writing the file full; Please wait ...
2021-02-03 14:48:11 0 [Note] InnoDB: File 'C:\xampp\mysql\data\ibtmp1' size is now 12 MB.
2021-02-03 14:48:11 0 [Note] InnoDB: Waiting for purge to start
2021-02-03 14:48:11 0 [Note] InnoDB: 10.4.17 started; log sequence number 316612; transaction id 238
2021-02-03 14:48:11 0 [Note] InnoDB: Loading buffer pool(s) from C:\xampp\mysql\data\ib_buffer_pool
2021-02-03 14:48:11 0 [Note] Plugin 'FEEDBACK' is disabled.
2021-02-03 14:48:11 0 [Note] InnoDB: Buffer pool(s) load completed at 210203 14:48:11
2021-02-03 14:48:11 0 [Note] Server socket created on IP: '::'.
2021-02-03 14:48:12 0 [Note] Reading of all Master_info entries succeeded
2021-02-03 14:48:12 0 [Note] Added new Master_info '' to hash table
2021-02-03 14:48:12 0 [Note] mysql\bin\mysqld.exe: ready for connections.
Version: '10.4.17-MariaDB'  socket: ''  port: 3306  mariadb.org binary distribution
InnoDB: using atomic writes.
2021-02-05 18:57:55 0 [Note] InnoDB: Mutexes and rw_locks use Windows interlocked functions
2021-02-05 18:57:55 0 [Note] InnoDB: Uses event mutexes
2021-02-05 18:57:55 0 [Note] InnoDB: Compressed tables use zlib 1.2.11
2021-02-05 18:57:55 0 [Note] InnoDB: Number of pools: 1
2021-02-05 18:57:55 0 [Note] InnoDB: Using SSE2 crc32 instructions
2021-02-05 18:57:55 0 [Note] InnoDB: Initializing buffer pool, total size = 16M, instances = 1, chunk size = 16M
2021-02-05 18:57:55 0 [Note] InnoDB: Completed initialization of buffer pool
2021-02-05 18:57:55 0 [Note] InnoDB: Starting crash recovery from checkpoint LSN=316894
2021-02-05 18:57:56 0 [Note] InnoDB: 128 out of 128 rollback segments are active.
2021-02-05 18:57:56 0 [Note] InnoDB: Removed temporary tablespace data file: "ibtmp1"
2021-02-05 18:57:56 0 [Note] InnoDB: Creating shared tablespace for temporary tables
2021-02-05 18:57:56 0 [Note] InnoDB: Setting file 'C:\xampp\mysql\data\ibtmp1' size to 12 MB. Physically writing the file full; Please wait ...
2021-02-05 18:57:56 0 [Note] InnoDB: File 'C:\xampp\mysql\data\ibtmp1' size is now 12 MB.
2021-02-05 18:57:56 0 [Note] InnoDB: Waiting for purge to start
2021-02-05 18:57:56 0 [Note] InnoDB: Waiting for purge to start
2021-02-05 18:57:56 0 [Note] InnoDB: 10.4.17 started; log sequence number 316903; transaction id 238
2021-02-05 18:57:56 0 [Note] InnoDB: Loading buffer pool(s) from C:\xampp\mysql\data\ib_buffer_pool
2021-02-05 18:57:56 0 [Note] Plugin 'FEEDBACK' is disabled.
2021-02-05 18:57:57 0 [Note] InnoDB: Buffer pool(s) load completed at 210205 18:57:57
2021-02-05 18:57:57 0 [Note] Server socket created on IP: '::'.
InnoDB: using atomic writes.
2021-02-06 20:31:21 0 [Note] InnoDB: Mutexes and rw_locks use Windows interlocked functions
2021-02-06 20:31:21 0 [Note] InnoDB: Uses event mutexes
2021-02-06 20:31:21 0 [Note] InnoDB: Compressed tables use zlib 1.2.11
2021-02-06 20:31:21 0 [Note] InnoDB: Number of pools: 1
2021-02-06 20:31:21 0 [Note] InnoDB: Using SSE2 crc32 instructions
2021-02-06 20:31:21 0 [Note] InnoDB: Initializing buffer pool, total size = 16M, instances = 1, chunk size = 16M
2021-02-06 20:31:21 0 [Note] InnoDB: Completed initialization of buffer pool
2021-02-06 20:31:21 0 [Note] InnoDB: Starting crash recovery from checkpoint LSN=316912
2021-02-06 20:31:23 0 [Note] InnoDB: 128 out of 128 rollback segments are active.
2021-02-06 20:31:23 0 [Note] InnoDB: Removed temporary tablespace data file: "ibtmp1"
2021-02-06 20:31:23 0 [Note] InnoDB: Creating shared tablespace for temporary tables
2021-02-06 20:31:23 0 [Note] InnoDB: Setting file 'C:\xampp\mysql\data\ibtmp1' size to 12 MB. Physically writing the file full; Please wait ...
2021-02-06 20:31:23 0 [Note] InnoDB: File 'C:\xampp\mysql\data\ibtmp1' size is now 12 MB.
2021-02-06 20:31:23 0 [Note] InnoDB: Waiting for purge to start
2021-02-06 20:31:23 0 [Note] InnoDB: 10.4.17 started; log sequence number 316921; transaction id 238
2021-02-06 20:31:23 0 [Note] Plugin 'FEEDBACK' is disabled.
2021-02-06 20:31:23 0 [Note] InnoDB: Loading buffer pool(s) from C:\xampp\mysql\data\ib_buffer_pool
2021-02-06 20:31:23 0 [Note] Server socket created on IP: '::'.
InnoDB: using atomic writes.
2021-02-08  1:31:30 0 [Note] InnoDB: Mutexes and rw_locks use Windows interlocked functions
2021-02-08  1:31:30 0 [Note] InnoDB: Uses event mutexes
2021-02-08  1:31:30 0 [Note] InnoDB: Compressed tables use zlib 1.2.11
2021-02-08  1:31:30 0 [Note] InnoDB: Number of pools: 1
2021-02-08  1:31:30 0 [Note] InnoDB: Using SSE2 crc32 instructions
2021-02-08  1:31:30 0 [Note] InnoDB: Initializing buffer pool, total size = 16M, instances = 1, chunk size = 16M
2021-02-08  1:31:30 0 [Note] InnoDB: Completed initialization of buffer pool
2021-02-08  1:31:32 0 [Note] InnoDB: Starting crash recovery from checkpoint LSN=316946
2021-02-08  1:31:40 0 [Note] InnoDB: 128 out of 128 rollback segments are active.
2021-02-08  1:31:40 0 [Note] InnoDB: Removed temporary tablespace data file: "ibtmp1"
2021-02-08  1:31:40 0 [Note] InnoDB: Creating shared tablespace for temporary tables
2021-02-08  1:31:40 0 [Note] InnoDB: Setting file 'C:\xampp\mysql\data\ibtmp1' size to 12 MB. Physically writing the file full; Please wait ...
2021-02-08  1:31:40 0 [Note] InnoDB: File 'C:\xampp\mysql\data\ibtmp1' size is now 12 MB.
2021-02-08  1:31:40 0 [Note] InnoDB: Waiting for purge to start
2021-02-08  1:31:40 0 [Note] InnoDB: Waiting for purge to start
2021-02-08  1:31:40 0 [Note] InnoDB: Waiting for purge to start
2021-02-08  1:31:40 0 [Note] InnoDB: Waiting for purge to start
2021-02-08  1:31:40 0 [Note] InnoDB: Waiting for purge to start
2021-02-08  1:31:41 0 [Note] InnoDB: 10.4.17 started; log sequence number 316955; transaction id 238
2021-02-08  1:31:41 0 [Note] InnoDB: Loading buffer pool(s) from C:\xampp\mysql\data\ib_buffer_pool
2021-02-08  1:31:41 0 [Note] Plugin 'FEEDBACK' is disabled.
2021-02-08  1:31:42 0 [Note] InnoDB: Buffer pool(s) load completed at 210208  1:31:42
2021-02-08  1:31:42 0 [Note] Server socket created on IP: '::'.
InnoDB: using atomic writes.
2021-02-09  0:11:33 0 [Note] InnoDB: Mutexes and rw_locks use Windows interlocked functions
2021-02-09  0:11:33 0 [Note] InnoDB: Uses event mutexes
2021-02-09  0:11:33 0 [Note] InnoDB: Compressed tables use zlib 1.2.11
2021-02-09  0:11:33 0 [Note] InnoDB: Number of pools: 1
2021-02-09  0:11:33 0 [Note] InnoDB: Using SSE2 crc32 instructions
2021-02-09  0:11:33 0 [Note] InnoDB: Initializing buffer pool, total size = 16M, instances = 1, chunk size = 16M
2021-02-09  0:11:33 0 [Note] InnoDB: Completed initialization of buffer pool
2021-02-09  0:11:33 0 [Note] InnoDB: Starting crash recovery from checkpoint LSN=316964
2021-02-09  0:11:35 0 [Note] InnoDB: 128 out of 128 rollback segments are active.
2021-02-09  0:11:35 0 [Note] InnoDB: Removed temporary tablespace data file: "ibtmp1"
2021-02-09  0:11:35 0 [Note] InnoDB: Creating shared tablespace for temporary tables
2021-02-09  0:11:35 0 [Note] InnoDB: Setting file 'C:\xampp\mysql\data\ibtmp1' size to 12 MB. Physically writing the file full; Please wait ...
2021-02-09  0:11:35 0 [Note] InnoDB: File 'C:\xampp\mysql\data\ibtmp1' size is now 12 MB.
2021-02-09  0:11:35 0 [Note] InnoDB: Waiting for purge to start
2021-02-09  0:11:35 0 [Note] InnoDB: 10.4.17 started; log sequence number 316973; transaction id 238
2021-02-09  0:11:35 0 [Note] Plugin 'FEEDBACK' is disabled.
2021-02-09  0:11:35 0 [Note] InnoDB: Loading buffer pool(s) from C:\xampp\mysql\data\ib_buffer_pool
2021-02-09  0:11:35 0 [Note] Server socket created on IP: '::'.
InnoDB: using atomic writes.
2021-02-09 17:58:29 0 [Note] InnoDB: Mutexes and rw_locks use Windows interlocked functions
2021-02-09 17:58:29 0 [Note] InnoDB: Uses event mutexes
2021-02-09 17:58:29 0 [Note] InnoDB: Compressed tables use zlib 1.2.11
2021-02-09 17:58:29 0 [Note] InnoDB: Number of pools: 1
2021-02-09 17:58:29 0 [Note] InnoDB: Using SSE2 crc32 instructions
2021-02-09 17:58:29 0 [Note] InnoDB: Initializing buffer pool, total size = 16M, instances = 1, chunk size = 16M
2021-02-09 17:58:29 0 [Note] InnoDB: Completed initialization of buffer pool
2021-02-09 17:58:29 0 [Note] InnoDB: Starting crash recovery from checkpoint LSN=316982
2021-02-09 17:58:30 0 [Note] InnoDB: 128 out of 128 rollback segments are active.
2021-02-09 17:58:30 0 [Note] InnoDB: Removed temporary tablespace data file: "ibtmp1"
2021-02-09 17:58:30 0 [Note] InnoDB: Creating shared tablespace for temporary tables
2021-02-09 17:58:30 0 [Note] InnoDB: Setting file 'C:\xampp\mysql\data\ibtmp1' size to 12 MB. Physically writing the file full; Please wait ...
2021-02-09 17:58:30 0 [Note] InnoDB: File 'C:\xampp\mysql\data\ibtmp1' size is now 12 MB.
2021-02-09 17:58:30 0 [Note] InnoDB: Waiting for purge to start
2021-02-09 17:58:30 0 [Note] InnoDB: 10.4.17 started; log sequence number 316991; transaction id 238
2021-02-09 17:58:30 0 [Note] InnoDB: Loading buffer pool(s) from C:\xampp\mysql\data\ib_buffer_pool
2021-02-09 17:58:30 0 [Note] Plugin 'FEEDBACK' is disabled.
2021-02-09 17:58:30 0 [Note] InnoDB: Buffer pool(s) load completed at 210209 17:58:30
2021-02-09 17:58:30 0 [Note] Server socket created on IP: '::'.
InnoDB: using atomic writes.
2021-02-10 16:05:29 0 [Note] InnoDB: Mutexes and rw_locks use Windows interlocked functions
2021-02-10 16:05:29 0 [Note] InnoDB: Uses event mutexes
2021-02-10 16:05:29 0 [Note] InnoDB: Compressed tables use zlib 1.2.11
2021-02-10 16:05:30 0 [Note] InnoDB: Number of pools: 1
2021-02-10 16:05:30 0 [Note] InnoDB: Using SSE2 crc32 instructions
2021-02-10 16:05:30 0 [Note] InnoDB: Initializing buffer pool, total size = 16M, instances = 1, chunk size = 16M
2021-02-10 16:05:30 0 [Note] InnoDB: Completed initialization of buffer pool
2021-02-10 16:05:31 0 [Note] InnoDB: Starting crash recovery from checkpoint LSN=317000
2021-02-10 16:05:32 0 [Note] InnoDB: 128 out of 128 rollback segments are active.
2021-02-10 16:05:32 0 [Note] InnoDB: Removed temporary tablespace data file: "ibtmp1"
2021-02-10 16:05:32 0 [Note] InnoDB: Creating shared tablespace for temporary tables
2021-02-10 16:05:32 0 [Note] InnoDB: Setting file 'C:\xampp\mysql\data\ibtmp1' size to 12 MB. Physically writing the file full; Please wait ...
2021-02-10 16:05:32 0 [Note] InnoDB: File 'C:\xampp\mysql\data\ibtmp1' size is now 12 MB.
2021-02-10 16:05:32 0 [Note] InnoDB: Waiting for purge to start
2021-02-10 16:05:32 0 [Note] InnoDB: 10.4.17 started; log sequence number 317009; transaction id 238
2021-02-10 16:05:32 0 [Note] InnoDB: Loading buffer pool(s) from C:\xampp\mysql\data\ib_buffer_pool
2021-02-10 16:05:32 0 [Note] Plugin 'FEEDBACK' is disabled.
2021-02-10 16:05:33 0 [Note] InnoDB: Buffer pool(s) load completed at 210210 16:05:33
2021-02-10 16:05:33 0 [Note] Server socket created on IP: '::'.
InnoDB: using atomic writes.
2021-02-12 12:46:07 0 [Note] InnoDB: Mutexes and rw_locks use Windows interlocked functions
2021-02-12 12:46:07 0 [Note] InnoDB: Uses event mutexes
2021-02-12 12:46:07 0 [Note] InnoDB: Compressed tables use zlib 1.2.11
2021-02-12 12:46:07 0 [Note] InnoDB: Number of pools: 1
2021-02-12 12:46:07 0 [Note] InnoDB: Using SSE2 crc32 instructions
2021-02-12 12:46:07 0 [Note] InnoDB: Initializing buffer pool, total size = 16M, instances = 1, chunk size = 16M
2021-02-12 12:46:07 0 [Note] InnoDB: Completed initialization of buffer pool
2021-02-12 12:46:07 0 [Note] InnoDB: Starting crash recovery from checkpoint LSN=317018
2021-02-12 12:46:09 0 [Note] InnoDB: 128 out of 128 rollback segments are active.
2021-02-12 12:46:09 0 [Note] InnoDB: Removed temporary tablespace data file: "ibtmp1"
2021-02-12 12:46:09 0 [Note] InnoDB: Creating shared tablespace for temporary tables
2021-02-12 12:46:09 0 [Note] InnoDB: Setting file 'C:\xampp\mysql\data\ibtmp1' size to 12 MB. Physically writing the file full; Please wait ...
2021-02-12 12:46:09 0 [Note] InnoDB: File 'C:\xampp\mysql\data\ibtmp1' size is now 12 MB.
2021-02-12 12:46:09 0 [Note] InnoDB: Waiting for purge to start
2021-02-12 12:46:09 0 [Note] InnoDB: 10.4.17 started; log sequence number 317027; transaction id 238
2021-02-12 12:46:09 0 [Note] Plugin 'FEEDBACK' is disabled.
2021-02-12 12:46:09 0 [Note] InnoDB: Loading buffer pool(s) from C:\xampp\mysql\data\ib_buffer_pool
2021-02-12 12:46:09 0 [Note] InnoDB: Buffer pool(s) load completed at 210212 12:46:09
2021-02-12 12:46:09 0 [Note] Server socket created on IP: '::'.
InnoDB: using atomic writes.
2021-02-14 14:09:37 0 [Note] InnoDB: Mutexes and rw_locks use Windows interlocked functions
2021-02-14 14:09:37 0 [Note] InnoDB: Uses event mutexes
2021-02-14 14:09:37 0 [Note] InnoDB: Compressed tables use zlib 1.2.11
2021-02-14 14:09:37 0 [Note] InnoDB: Number of pools: 1
2021-02-14 14:09:37 0 [Note] InnoDB: Using SSE2 crc32 instructions
2021-02-14 14:09:37 0 [Note] InnoDB: Initializing buffer pool, total size = 16M, instances = 1, chunk size = 16M
2021-02-14 14:09:37 0 [Note] InnoDB: Completed initialization of buffer pool
2021-02-14 14:09:37 0 [Note] InnoDB: Starting crash recovery from checkpoint LSN=317036
2021-02-14 14:09:40 0 [Note] InnoDB: 128 out of 128 rollback segments are active.
2021-02-14 14:09:40 0 [Note] InnoDB: Removed temporary tablespace data file: "ibtmp1"
2021-02-14 14:09:40 0 [Note] InnoDB: Creating shared tablespace for temporary tables
2021-02-14 14:09:40 0 [Note] InnoDB: Setting file 'C:\xampp\mysql\data\ibtmp1' size to 12 MB. Physically writing the file full; Please wait ...
2021-02-14 14:09:40 0 [Note] InnoDB: File 'C:\xampp\mysql\data\ibtmp1' size is now 12 MB.
2021-02-14 14:09:40 0 [Note] InnoDB: Waiting for purge to start
2021-02-14 14:09:40 0 [Note] InnoDB: 10.4.17 started; log sequence number 317045; transaction id 238
2021-02-14 14:09:40 0 [Note] InnoDB: Loading buffer pool(s) from C:\xampp\mysql\data\ib_buffer_pool
2021-02-14 14:09:40 0 [Note] Plugin 'FEEDBACK' is disabled.
2021-02-14 14:09:40 0 [Note] Server socket created on IP: '::'.
InnoDB: using atomic writes.
2021-02-14 15:57:31 0 [Note] InnoDB: Mutexes and rw_locks use Windows interlocked functions
2021-02-14 15:57:31 0 [Note] InnoDB: Uses event mutexes
2021-02-14 15:57:31 0 [Note] InnoDB: Compressed tables use zlib 1.2.11
2021-02-14 15:57:31 0 [Note] InnoDB: Number of pools: 1
2021-02-14 15:57:31 0 [Note] InnoDB: Using SSE2 crc32 instructions
2021-02-14 15:57:31 0 [Note] InnoDB: Initializing buffer pool, total size = 16M, instances = 1, chunk size = 16M
2021-02-14 15:57:31 0 [Note] InnoDB: Completed initialization of buffer pool
2021-02-14 15:57:31 0 [Note] InnoDB: Starting crash recovery from checkpoint LSN=317355
2021-02-14 15:57:32 0 [Note] InnoDB: 128 out of 128 rollback segments are active.
2021-02-14 15:57:32 0 [Note] InnoDB: Removed temporary tablespace data file: "ibtmp1"
2021-02-14 15:57:32 0 [Note] InnoDB: Creating shared tablespace for temporary tables
2021-02-14 15:57:32 0 [Note] InnoDB: Setting file 'C:\xampp\mysql\data\ibtmp1' size to 12 MB. Physically writing the file full; Please wait ...
2021-02-14 15:57:32 0 [Note] InnoDB: File 'C:\xampp\mysql\data\ibtmp1' size is now 12 MB.
2021-02-14 15:57:32 0 [Note] InnoDB: Waiting for purge to start
2021-02-14 15:57:32 0 [Note] InnoDB: 10.4.17 started; log sequence number 317364; transaction id 262
2021-02-14 15:57:32 0 [Note] InnoDB: Loading buffer pool(s) from C:\xampp\mysql\data\ib_buffer_pool
2021-02-14 15:57:32 0 [Note] Plugin 'FEEDBACK' is disabled.
2021-02-14 15:57:32 0 [Note] InnoDB: Buffer pool(s) load completed at 210214 15:57:32
2021-02-14 15:57:32 0 [Note] Server socket created on IP: '::'.
InnoDB: using atomic writes.
2021-02-17 15:21:41 0 [Note] InnoDB: Mutexes and rw_locks use Windows interlocked functions
2021-02-17 15:21:41 0 [Note] InnoDB: Uses event mutexes
2021-02-17 15:21:41 0 [Note] InnoDB: Compressed tables use zlib 1.2.11
2021-02-17 15:21:41 0 [Note] InnoDB: Number of pools: 1
2021-02-17 15:21:41 0 [Note] InnoDB: Using SSE2 crc32 instructions
2021-02-17 15:21:41 0 [Note] InnoDB: Initializing buffer pool, total size = 16M, instances = 1, chunk size = 16M
2021-02-17 15:21:41 0 [Note] InnoDB: Completed initialization of buffer pool
2021-02-17 15:21:42 0 [Note] InnoDB: Starting crash recovery from checkpoint LSN=317426
2021-02-17 15:21:43 0 [Note] InnoDB: 128 out of 128 rollback segments are active.
2021-02-17 15:21:43 0 [Note] InnoDB: Removed temporary tablespace data file: "ibtmp1"
2021-02-17 15:21:43 0 [Note] InnoDB: Creating shared tablespace for temporary tables
2021-02-17 15:21:43 0 [Note] InnoDB: Setting file 'C:\xampp\mysql\data\ibtmp1' size to 12 MB. Physically writing the file full; Please wait ...
2021-02-17 15:21:43 0 [Note] InnoDB: File 'C:\xampp\mysql\data\ibtmp1' size is now 12 MB.
2021-02-17 15:21:43 0 [Note] InnoDB: Waiting for purge to start
2021-02-17 15:21:43 0 [Note] InnoDB: 10.4.17 started; log sequence number 317435; transaction id 262
2021-02-17 15:21:43 0 [Note] InnoDB: Loading buffer pool(s) from C:\xampp\mysql\data\ib_buffer_pool
2021-02-17 15:21:43 0 [Note] Plugin 'FEEDBACK' is disabled.
2021-02-17 15:21:43 0 [Note] Server socket created on IP: '::'.
InnoDB: using atomic writes.
2021-02-18 13:38:23 0 [Note] InnoDB: Mutexes and rw_locks use Windows interlocked functions
2021-02-18 13:38:23 0 [Note] InnoDB: Uses event mutexes
2021-02-18 13:38:23 0 [Note] InnoDB: Compressed tables use zlib 1.2.11
2021-02-18 13:38:23 0 [Note] InnoDB: Number of pools: 1
2021-02-18 13:38:23 0 [Note] InnoDB: Using SSE2 crc32 instructions
2021-02-18 13:38:23 0 [Note] InnoDB: Initializing buffer pool, total size = 16M, instances = 1, chunk size = 16M
2021-02-18 13:38:23 0 [Note] InnoDB: Completed initialization of buffer pool
2021-02-18 13:38:24 0 [Note] InnoDB: Starting crash recovery from checkpoint LSN=317460
2021-02-18 13:38:26 0 [Note] InnoDB: 128 out of 128 rollback segments are active.
2021-02-18 13:38:26 0 [Note] InnoDB: Removed temporary tablespace data file: "ibtmp1"
2021-02-18 13:38:26 0 [Note] InnoDB: Creating shared tablespace for temporary tables
2021-02-18 13:38:26 0 [Note] InnoDB: Setting file 'C:\xampp\mysql\data\ibtmp1' size to 12 MB. Physically writing the file full; Please wait ...
2021-02-18 13:38:26 0 [Note] InnoDB: File 'C:\xampp\mysql\data\ibtmp1' size is now 12 MB.
2021-02-18 13:38:26 0 [Note] InnoDB: Waiting for purge to start
2021-02-18 13:38:26 0 [Note] InnoDB: 10.4.17 started; log sequence number 317469; transaction id 262
2021-02-18 13:38:26 0 [Note] Plugin 'FEEDBACK' is disabled.
2021-02-18 13:38:26 0 [Note] InnoDB: Loading buffer pool(s) from C:\xampp\mysql\data\ib_buffer_pool
2021-02-18 13:38:26 0 [Note] Server socket created on IP: '::'.
InnoDB: using atomic writes.
2021-02-19  0:28:53 0 [Note] InnoDB: Mutexes and rw_locks use Windows interlocked functions
2021-02-19  0:28:53 0 [Note] InnoDB: Uses event mutexes
2021-02-19  0:28:53 0 [Note] InnoDB: Compressed tables use zlib 1.2.11
2021-02-19  0:28:53 0 [Note] InnoDB: Number of pools: 1
2021-02-19  0:28:53 0 [Note] InnoDB: Using SSE2 crc32 instructions
2021-02-19  0:28:53 0 [Note] InnoDB: Initializing buffer pool, total size = 16M, instances = 1, chunk size = 16M
2021-02-19  0:28:53 0 [Note] InnoDB: Completed initialization of buffer pool
2021-02-19  0:28:54 0 [Note] InnoDB: Starting crash recovery from checkpoint LSN=317478
2021-02-19  0:28:55 0 [Note] InnoDB: 128 out of 128 rollback segments are active.
2021-02-19  0:28:55 0 [Note] InnoDB: Removed temporary tablespace data file: "ibtmp1"
2021-02-19  0:28:55 0 [Note] InnoDB: Creating shared tablespace for temporary tables
2021-02-19  0:28:55 0 [Note] InnoDB: Setting file 'C:\xampp\mysql\data\ibtmp1' size to 12 MB. Physically writing the file full; Please wait ...
2021-02-19  0:28:55 0 [Note] InnoDB: File 'C:\xampp\mysql\data\ibtmp1' size is now 12 MB.
2021-02-19  0:28:55 0 [Note] InnoDB: Waiting for purge to start
2021-02-19  0:28:55 0 [Note] InnoDB: 10.4.17 started; log sequence number 317487; transaction id 262
2021-02-19  0:28:55 0 [Note] InnoDB: Loading buffer pool(s) from C:\xampp\mysql\data\ib_buffer_pool
2021-02-19  0:28:55 0 [Note] Plugin 'FEEDBACK' is disabled.
2021-02-19  0:28:55 0 [Note] Server socket created on IP: '::'.
InnoDB: using atomic writes.
2021-03-02 14:52:37 0 [Note] InnoDB: Mutexes and rw_locks use Windows interlocked functions
2021-03-02 14:52:37 0 [Note] InnoDB: Uses event mutexes
2021-03-02 14:52:37 0 [Note] InnoDB: Compressed tables use zlib 1.2.11
2021-03-02 14:52:38 0 [Note] InnoDB: Number of pools: 1
2021-03-02 14:52:38 0 [Note] InnoDB: Using SSE2 crc32 instructions
2021-03-02 14:52:38 0 [Note] InnoDB: Initializing buffer pool, total size = 16M, instances = 1, chunk size = 16M
2021-03-02 14:52:38 0 [Note] InnoDB: Completed initialization of buffer pool
2021-03-02 14:52:38 0 [Note] InnoDB: Starting crash recovery from checkpoint LSN=317496
2021-03-02 14:52:40 0 [Note] InnoDB: 128 out of 128 rollback segments are active.
2021-03-02 14:52:40 0 [Note] InnoDB: Removed temporary tablespace data file: "ibtmp1"
2021-03-02 14:52:40 0 [Note] InnoDB: Creating shared tablespace for temporary tables
2021-03-02 14:52:40 0 [Note] InnoDB: Setting file 'C:\xampp\mysql\data\ibtmp1' size to 12 MB. Physically writing the file full; Please wait ...
2021-03-02 14:52:40 0 [Note] InnoDB: File 'C:\xampp\mysql\data\ibtmp1' size is now 12 MB.
2021-03-02 14:52:40 0 [Note] InnoDB: Waiting for purge to start
2021-03-02 14:52:40 0 [Note] InnoDB: 10.4.17 started; log sequence number 317505; transaction id 262
2021-03-02 14:52:40 0 [Note] InnoDB: Loading buffer pool(s) from C:\xampp\mysql\data\ib_buffer_pool
2021-03-02 14:52:40 0 [Note] Plugin 'FEEDBACK' is disabled.
2021-03-02 14:52:40 0 [Note] InnoDB: Buffer pool(s) load completed at 210302 14:52:40
2021-03-02 14:52:40 0 [Note] Server socket created on IP: '::'.
InnoDB: using atomic writes.
2021-03-02 23:12:15 0 [Note] InnoDB: Mutexes and rw_locks use Windows interlocked functions
2021-03-02 23:12:15 0 [Note] InnoDB: Uses event mutexes
2021-03-02 23:12:15 0 [Note] InnoDB: Compressed tables use zlib 1.2.11
2021-03-02 23:12:15 0 [Note] InnoDB: Number of pools: 1
2021-03-02 23:12:15 0 [Note] InnoDB: Using SSE2 crc32 instructions
2021-03-02 23:12:15 0 [Note] InnoDB: Initializing buffer pool, total size = 16M, instances = 1, chunk size = 16M
2021-03-02 23:12:15 0 [Note] InnoDB: Completed initialization of buffer pool
2021-03-02 23:12:15 0 [Note] InnoDB: Starting crash recovery from checkpoint LSN=317514
2021-03-02 23:12:15 0 [Note] InnoDB: 128 out of 128 rollback segments are active.
2021-03-02 23:12:15 0 [Note] InnoDB: Removed temporary tablespace data file: "ibtmp1"
2021-03-02 23:12:15 0 [Note] InnoDB: Creating shared tablespace for temporary tables
2021-03-02 23:12:15 0 [Note] InnoDB: Setting file 'C:\xampp\mysql\data\ibtmp1' size to 12 MB. Physically writing the file full; Please wait ...
2021-03-02 23:12:15 0 [Note] InnoDB: File 'C:\xampp\mysql\data\ibtmp1' size is now 12 MB.
2021-03-02 23:12:15 0 [Note] InnoDB: Waiting for purge to start
2021-03-02 23:12:15 0 [Note] InnoDB: 10.4.17 started; log sequence number 317523; transaction id 262
2021-03-02 23:12:15 0 [Note] InnoDB: Loading buffer pool(s) from C:\xampp\mysql\data\ib_buffer_pool
2021-03-02 23:12:15 0 [Note] Plugin 'FEEDBACK' is disabled.
2021-03-02 23:12:15 0 [Note] Server socket created on IP: '::'.
InnoDB: using atomic writes.
2021-03-03 21:21:19 0 [Note] InnoDB: Mutexes and rw_locks use Windows interlocked functions
2021-03-03 21:21:19 0 [Note] InnoDB: Uses event mutexes
2021-03-03 21:21:19 0 [Note] InnoDB: Compressed tables use zlib 1.2.11
2021-03-03 21:21:19 0 [Note] InnoDB: Number of pools: 1
2021-03-03 21:21:19 0 [Note] InnoDB: Using SSE2 crc32 instructions
2021-03-03 21:21:19 0 [Note] InnoDB: Initializing buffer pool, total size = 16M, instances = 1, chunk size = 16M
2021-03-03 21:21:19 0 [Note] InnoDB: Completed initialization of buffer pool
2021-03-03 21:21:19 0 [Note] InnoDB: Starting crash recovery from checkpoint LSN=317532
2021-03-03 21:21:21 0 [Note] InnoDB: 128 out of 128 rollback segments are active.
2021-03-03 21:21:21 0 [Note] InnoDB: Removed temporary tablespace data file: "ibtmp1"
2021-03-03 21:21:21 0 [Note] InnoDB: Creating shared tablespace for temporary tables
2021-03-03 21:21:21 0 [Note] InnoDB: Setting file 'C:\xampp\mysql\data\ibtmp1' size to 12 MB. Physically writing the file full; Please wait ...
2021-03-03 21:21:21 0 [Note] InnoDB: File 'C:\xampp\mysql\data\ibtmp1' size is now 12 MB.
2021-03-03 21:21:21 0 [Note] InnoDB: Waiting for purge to start
2021-03-03 21:21:21 0 [Note] InnoDB: 10.4.17 started; log sequence number 317541; transaction id 262
2021-03-03 21:21:21 0 [Note] InnoDB: Loading buffer pool(s) from C:\xampp\mysql\data\ib_buffer_pool
2021-03-03 21:21:21 0 [Note] Plugin 'FEEDBACK' is disabled.
2021-03-03 21:21:22 0 [Note] Server socket created on IP: '::'.
InnoDB: using atomic writes.
2021-04-14 16:13:34 0 [Note] InnoDB: Mutexes and rw_locks use Windows interlocked functions
2021-04-14 16:13:34 0 [Note] InnoDB: Uses event mutexes
2021-04-14 16:13:34 0 [Note] InnoDB: Compressed tables use zlib 1.2.11
2021-04-14 16:13:34 0 [Note] InnoDB: Number of pools: 1
2021-04-14 16:13:34 0 [Note] InnoDB: Using SSE2 crc32 instructions
2021-04-14 16:13:34 0 [Note] InnoDB: Initializing buffer pool, total size = 16M, instances = 1, chunk size = 16M
2021-04-14 16:13:34 0 [Note] InnoDB: Completed initialization of buffer pool
2021-04-14 16:13:34 0 [Note] InnoDB: Starting crash recovery from checkpoint LSN=317550
2021-04-14 16:13:36 0 [Note] InnoDB: 128 out of 128 rollback segments are active.
2021-04-14 16:13:36 0 [Note] InnoDB: Removed temporary tablespace data file: "ibtmp1"
2021-04-14 16:13:36 0 [Note] InnoDB: Creating shared tablespace for temporary tables
2021-04-14 16:13:36 0 [Note] InnoDB: Setting file 'C:\xampp\mysql\data\ibtmp1' size to 12 MB. Physically writing the file full; Please wait ...
2021-04-14 16:13:36 0 [Note] InnoDB: File 'C:\xampp\mysql\data\ibtmp1' size is now 12 MB.
2021-04-14 16:13:36 0 [Note] InnoDB: Waiting for purge to start
2021-04-14 16:13:36 0 [Note] InnoDB: Waiting for purge to start
2021-04-14 16:13:36 0 [Note] InnoDB: 10.4.17 started; log sequence number 317559; transaction id 262
2021-04-14 16:13:36 0 [Note] InnoDB: Loading buffer pool(s) from C:\xampp\mysql\data\ib_buffer_pool
2021-04-14 16:13:36 0 [Note] Plugin 'FEEDBACK' is disabled.
2021-04-14 16:13:37 0 [Note] InnoDB: Buffer pool(s) load completed at 210414 16:13:37
2021-04-14 16:13:37 0 [Note] Server socket created on IP: '::'.
InnoDB: using atomic writes.
2021-04-24 15:02:34 0 [Note] InnoDB: Mutexes and rw_locks use Windows interlocked functions
2021-04-24 15:02:34 0 [Note] InnoDB: Uses event mutexes
2021-04-24 15:02:34 0 [Note] InnoDB: Compressed tables use zlib 1.2.11
2021-04-24 15:02:34 0 [Note] InnoDB: Number of pools: 1
2021-04-24 15:02:34 0 [Note] InnoDB: Using SSE2 crc32 instructions
2021-04-24 15:02:34 0 [Note] InnoDB: Initializing buffer pool, total size = 16M, instances = 1, chunk size = 16M
2021-04-24 15:02:34 0 [Note] InnoDB: Completed initialization of buffer pool
2021-04-24 15:02:34 0 [Note] InnoDB: Starting crash recovery from checkpoint LSN=317568
2021-04-24 15:02:37 0 [Note] InnoDB: 128 out of 128 rollback segments are active.
2021-04-24 15:02:37 0 [Note] InnoDB: Removed temporary tablespace data file: "ibtmp1"
2021-04-24 15:02:37 0 [Note] InnoDB: Creating shared tablespace for temporary tables
2021-04-24 15:02:37 0 [Note] InnoDB: Setting file 'C:\xampp\mysql\data\ibtmp1' size to 12 MB. Physically writing the file full; Please wait ...
2021-04-24 15:02:37 0 [Note] InnoDB: File 'C:\xampp\mysql\data\ibtmp1' size is now 12 MB.
2021-04-24 15:02:37 0 [Note] InnoDB: Waiting for purge to start
2021-04-24 15:02:37 0 [Note] InnoDB: Waiting for purge to start
2021-04-24 15:02:37 0 [Note] InnoDB: 10.4.17 started; log sequence number 317577; transaction id 262
2021-04-24 15:02:37 0 [Note] InnoDB: Loading buffer pool(s) from C:\xampp\mysql\data\ib_buffer_pool
2021-04-24 15:02:37 0 [Note] Plugin 'FEEDBACK' is disabled.
2021-04-24 15:02:37 0 [Note] InnoDB: Buffer pool(s) load completed at 210424 15:02:37
2021-04-24 15:02:38 0 [Note] Server socket created on IP: '::'.
InnoDB: using atomic writes.
2021-04-26 12:42:11 0 [Note] InnoDB: Mutexes and rw_locks use Windows interlocked functions
2021-04-26 12:42:11 0 [Note] InnoDB: Uses event mutexes
2021-04-26 12:42:11 0 [Note] InnoDB: Compressed tables use zlib 1.2.11
2021-04-26 12:42:11 0 [Note] InnoDB: Number of pools: 1
2021-04-26 12:42:11 0 [Note] InnoDB: Using SSE2 crc32 instructions
2021-04-26 12:42:11 0 [Note] InnoDB: Initializing buffer pool, total size = 16M, instances = 1, chunk size = 16M
2021-04-26 12:42:11 0 [Note] InnoDB: Completed initialization of buffer pool
2021-04-26 12:42:11 0 [Note] InnoDB: Starting crash recovery from checkpoint LSN=317586
2021-04-26 12:42:15 0 [Note] InnoDB: 128 out of 128 rollback segments are active.
2021-04-26 12:42:15 0 [Note] InnoDB: Removed temporary tablespace data file: "ibtmp1"
2021-04-26 12:42:15 0 [Note] InnoDB: Creating shared tablespace for temporary tables
2021-04-26 12:42:15 0 [Note] InnoDB: Setting file 'C:\xampp\mysql\data\ibtmp1' size to 12 MB. Physically writing the file full; Please wait ...
2021-04-26 12:42:15 0 [Note] InnoDB: File 'C:\xampp\mysql\data\ibtmp1' size is now 12 MB.
2021-04-26 12:42:15 0 [Note] InnoDB: Waiting for purge to start
2021-04-26 12:42:15 0 [Note] InnoDB: Waiting for purge to start
2021-04-26 12:42:15 0 [Note] InnoDB: 10.4.17 started; log sequence number 317595; transaction id 262
2021-04-26 12:42:15 0 [Note] InnoDB: Loading buffer pool(s) from C:\xampp\mysql\data\ib_buffer_pool
2021-04-26 12:42:15 0 [Note] Plugin 'FEEDBACK' is disabled.
2021-04-26 12:42:15 0 [Note] InnoDB: Buffer pool(s) load completed at 210426 12:42:15
2021-04-26 12:42:15 0 [Note] Server socket created on IP: '::'.
InnoDB: using atomic writes.
2021-04-26 21:43:42 0 [Note] InnoDB: Mutexes and rw_locks use Windows interlocked functions
2021-04-26 21:43:42 0 [Note] InnoDB: Uses event mutexes
2021-04-26 21:43:42 0 [Note] InnoDB: Compressed tables use zlib 1.2.11
2021-04-26 21:43:42 0 [Note] InnoDB: Number of pools: 1
2021-04-26 21:43:42 0 [Note] InnoDB: Using SSE2 crc32 instructions
2021-04-26 21:43:42 0 [Note] InnoDB: Initializing buffer pool, total size = 16M, instances = 1, chunk size = 16M
2021-04-26 21:43:42 0 [Note] InnoDB: Completed initialization of buffer pool
2021-04-26 21:43:42 0 [Note] InnoDB: Starting crash recovery from checkpoint LSN=317604
2021-04-26 21:43:42 0 [Note] InnoDB: 128 out of 128 rollback segments are active.
2021-04-26 21:43:42 0 [Note] InnoDB: Removed temporary tablespace data file: "ibtmp1"
2021-04-26 21:43:42 0 [Note] InnoDB: Creating shared tablespace for temporary tables
2021-04-26 21:43:42 0 [Note] InnoDB: Setting file 'C:\xampp\mysql\data\ibtmp1' size to 12 MB. Physically writing the file full; Please wait ...
2021-04-26 21:43:42 0 [Note] InnoDB: File 'C:\xampp\mysql\data\ibtmp1' size is now 12 MB.
2021-04-26 21:43:42 0 [Note] InnoDB: Waiting for purge to start
2021-04-26 21:43:42 0 [Note] InnoDB: 10.4.17 started; log sequence number 317613; transaction id 262
2021-04-26 21:43:42 0 [Note] InnoDB: Loading buffer pool(s) from C:\xampp\mysql\data\ib_buffer_pool
2021-04-26 21:43:42 0 [Note] Plugin 'FEEDBACK' is disabled.
2021-04-26 21:43:42 0 [Note] InnoDB: Buffer pool(s) load completed at 210426 21:43:42
2021-04-26 21:43:42 0 [Note] Server socket created on IP: '::'.
InnoDB: using atomic writes.
2021-05-11 17:16:10 0 [Note] InnoDB: Mutexes and rw_locks use Windows interlocked functions
2021-05-11 17:16:10 0 [Note] InnoDB: Uses event mutexes
2021-05-11 17:16:10 0 [Note] InnoDB: Compressed tables use zlib 1.2.11
2021-05-11 17:16:10 0 [Note] InnoDB: Number of pools: 1
2021-05-11 17:16:10 0 [Note] InnoDB: Using SSE2 crc32 instructions
2021-05-11 17:16:10 0 [Note] InnoDB: Initializing buffer pool, total size = 16M, instances = 1, chunk size = 16M
2021-05-11 17:16:10 0 [Note] InnoDB: Completed initialization of buffer pool
2021-05-11 17:16:10 0 [Note] InnoDB: Starting crash recovery from checkpoint LSN=317622
2021-05-11 17:16:11 0 [Note] InnoDB: 128 out of 128 rollback segments are active.
2021-05-11 17:16:11 0 [Note] InnoDB: Removed temporary tablespace data file: "ibtmp1"
2021-05-11 17:16:11 0 [Note] InnoDB: Creating shared tablespace for temporary tables
2021-05-11 17:16:11 0 [Note] InnoDB: Setting file 'C:\xampp\mysql\data\ibtmp1' size to 12 MB. Physically writing the file full; Please wait ...
2021-05-11 17:16:11 0 [Note] InnoDB: File 'C:\xampp\mysql\data\ibtmp1' size is now 12 MB.
2021-05-11 17:16:11 0 [Note] InnoDB: Waiting for purge to start
2021-05-11 17:16:11 0 [Note] InnoDB: 10.4.17 started; log sequence number 317631; transaction id 262
2021-05-11 17:16:11 0 [Note] Plugin 'FEEDBACK' is disabled.
2021-05-11 17:16:11 0 [Note] InnoDB: Loading buffer pool(s) from C:\xampp\mysql\data\ib_buffer_pool
2021-05-11 17:16:11 0 [Note] Server socket created on IP: '::'.
InnoDB: using atomic writes.
2021-05-12  0:32:05 0 [Note] InnoDB: Mutexes and rw_locks use Windows interlocked functions
2021-05-12  0:32:05 0 [Note] InnoDB: Uses event mutexes
2021-05-12  0:32:05 0 [Note] InnoDB: Compressed tables use zlib 1.2.11
2021-05-12  0:32:06 0 [Note] InnoDB: Number of pools: 1
2021-05-12  0:32:06 0 [Note] InnoDB: Using SSE2 crc32 instructions
2021-05-12  0:32:06 0 [Note] InnoDB: Initializing buffer pool, total size = 16M, instances = 1, chunk size = 16M
2021-05-12  0:32:06 0 [Note] InnoDB: Completed initialization of buffer pool
2021-05-12  0:32:06 0 [Note] InnoDB: Starting crash recovery from checkpoint LSN=317640
2021-05-12  0:32:07 0 [Note] InnoDB: 128 out of 128 rollback segments are active.
2021-05-12  0:32:07 0 [Note] InnoDB: Removed temporary tablespace data file: "ibtmp1"
2021-05-12  0:32:07 0 [Note] InnoDB: Creating shared tablespace for temporary tables
2021-05-12  0:32:07 0 [Note] InnoDB: Setting file 'C:\xampp\mysql\data\ibtmp1' size to 12 MB. Physically writing the file full; Please wait ...
2021-05-12  0:32:07 0 [Note] InnoDB: File 'C:\xampp\mysql\data\ibtmp1' size is now 12 MB.
2021-05-12  0:32:07 0 [Note] InnoDB: Waiting for purge to start
2021-05-12  0:32:07 0 [Note] InnoDB: Waiting for purge to start
2021-05-12  0:32:07 0 [Note] InnoDB: Waiting for purge to start
2021-05-12  0:32:07 0 [Note] InnoDB: 10.4.17 started; log sequence number 317649; transaction id 262
2021-05-12  0:32:07 0 [Note] InnoDB: Loading buffer pool(s) from C:\xampp\mysql\data\ib_buffer_pool
2021-05-12  0:32:08 0 [Note] Plugin 'FEEDBACK' is disabled.
2021-05-12  0:32:08 0 [Note] InnoDB: Buffer pool(s) load completed at 210512  0:32:08
2021-05-12  0:32:08 0 [Note] Server socket created on IP: '::'.
InnoDB: using atomic writes.
2021-05-12  1:12:17 0 [Note] InnoDB: Mutexes and rw_locks use Windows interlocked functions
2021-05-12  1:12:17 0 [Note] InnoDB: Uses event mutexes
2021-05-12  1:12:17 0 [Note] InnoDB: Compressed tables use zlib 1.2.11
2021-05-12  1:12:17 0 [Note] InnoDB: Number of pools: 1
2021-05-12  1:12:17 0 [Note] InnoDB: Using SSE2 crc32 instructions
2021-05-12  1:12:17 0 [Note] InnoDB: Initializing buffer pool, total size = 16M, instances = 1, chunk size = 16M
2021-05-12  1:12:17 0 [Note] InnoDB: Completed initialization of buffer pool
2021-05-12  1:12:17 0 [Note] InnoDB: Starting crash recovery from checkpoint LSN=317658
2021-05-12  1:12:17 0 [Note] InnoDB: 128 out of 128 rollback segments are active.
2021-05-12  1:12:17 0 [Note] InnoDB: Removed temporary tablespace data file: "ibtmp1"
2021-05-12  1:12:17 0 [Note] InnoDB: Creating shared tablespace for temporary tables
2021-05-12  1:12:17 0 [Note] InnoDB: Setting file 'C:\xampp\mysql\data\ibtmp1' size to 12 MB. Physically writing the file full; Please wait ...
2021-05-12  1:12:17 0 [Note] InnoDB: File 'C:\xampp\mysql\data\ibtmp1' size is now 12 MB.
2021-05-12  1:12:17 0 [Note] InnoDB: Waiting for purge to start
2021-05-12  1:12:17 0 [Note] InnoDB: 10.4.17 started; log sequence number 317667; transaction id 262
2021-05-12  1:12:17 0 [Note] InnoDB: Loading buffer pool(s) from C:\xampp\mysql\data\ib_buffer_pool
2021-05-12  1:12:17 0 [Note] Plugin 'FEEDBACK' is disabled.
2021-05-12  1:12:18 0 [Note] Server socket created on IP: '::'.
InnoDB: using atomic writes.
2021-05-12 17:18:31 0 [Note] InnoDB: Mutexes and rw_locks use Windows interlocked functions
2021-05-12 17:18:31 0 [Note] InnoDB: Uses event mutexes
2021-05-12 17:18:31 0 [Note] InnoDB: Compressed tables use zlib 1.2.11
2021-05-12 17:18:31 0 [Note] InnoDB: Number of pools: 1
2021-05-12 17:18:31 0 [Note] InnoDB: Using SSE2 crc32 instructions
2021-05-12 17:18:31 0 [Note] InnoDB: Initializing buffer pool, total size = 16M, instances = 1, chunk size = 16M
2021-05-12 17:18:31 0 [Note] InnoDB: Completed initialization of buffer pool
2021-05-12 17:18:31 0 [Note] InnoDB: Starting crash recovery from checkpoint LSN=317676
2021-05-12 17:18:32 0 [Note] InnoDB: 128 out of 128 rollback segments are active.
2021-05-12 17:18:32 0 [Note] InnoDB: Removed temporary tablespace data file: "ibtmp1"
2021-05-12 17:18:32 0 [Note] InnoDB: Creating shared tablespace for temporary tables
2021-05-12 17:18:32 0 [Note] InnoDB: Setting file 'C:\xampp\mysql\data\ibtmp1' size to 12 MB. Physically writing the file full; Please wait ...
2021-05-12 17:18:32 0 [Note] InnoDB: File 'C:\xampp\mysql\data\ibtmp1' size is now 12 MB.
2021-05-12 17:18:32 0 [Note] InnoDB: Waiting for purge to start
2021-05-12 17:18:32 0 [Note] InnoDB: 10.4.17 started; log sequence number 317685; transaction id 262
2021-05-12 17:18:32 0 [Note] InnoDB: Loading buffer pool(s) from C:\xampp\mysql\data\ib_buffer_pool
2021-05-12 17:18:32 0 [Note] Plugin 'FEEDBACK' is disabled.
2021-05-12 17:18:33 0 [Note] Server socket created on IP: '::'.
InnoDB: using atomic writes.
2021-05-12 18:22:29 0 [Note] InnoDB: Mutexes and rw_locks use Windows interlocked functions
2021-05-12 18:22:29 0 [Note] InnoDB: Uses event mutexes
2021-05-12 18:22:29 0 [Note] InnoDB: Compressed tables use zlib 1.2.11
2021-05-12 18:22:29 0 [Note] InnoDB: Number of pools: 1
2021-05-12 18:22:29 0 [Note] InnoDB: Using SSE2 crc32 instructions
2021-05-12 18:22:29 0 [Note] InnoDB: Initializing buffer pool, total size = 16M, instances = 1, chunk size = 16M
2021-05-12 18:22:29 0 [Note] InnoDB: Completed initialization of buffer pool
2021-05-12 18:22:29 0 [Note] InnoDB: Starting crash recovery from checkpoint LSN=317694
2021-05-12 18:22:30 0 [Note] InnoDB: 128 out of 128 rollback segments are active.
2021-05-12 18:22:30 0 [Note] InnoDB: Removed temporary tablespace data file: "ibtmp1"
2021-05-12 18:22:30 0 [Note] InnoDB: Creating shared tablespace for temporary tables
2021-05-12 18:22:30 0 [Note] InnoDB: Setting file 'C:\xampp\mysql\data\ibtmp1' size to 12 MB. Physically writing the file full; Please wait ...
2021-05-12 18:22:30 0 [Note] InnoDB: File 'C:\xampp\mysql\data\ibtmp1' size is now 12 MB.
2021-05-12 18:22:30 0 [Note] InnoDB: Waiting for purge to start
2021-05-12 18:22:30 0 [Note] InnoDB: 10.4.17 started; log sequence number 317703; transaction id 262
2021-05-12 18:22:30 0 [Note] InnoDB: Loading buffer pool(s) from C:\xampp\mysql\data\ib_buffer_pool
2021-05-12 18:22:30 0 [Note] Plugin 'FEEDBACK' is disabled.
2021-05-12 18:22:30 0 [Note] Server socket created on IP: '::'.
InnoDB: using atomic writes.
2021-05-13 16:13:07 0 [Note] InnoDB: Mutexes and rw_locks use Windows interlocked functions
2021-05-13 16:13:07 0 [Note] InnoDB: Uses event mutexes
2021-05-13 16:13:07 0 [Note] InnoDB: Compressed tables use zlib 1.2.11
2021-05-13 16:13:07 0 [Note] InnoDB: Number of pools: 1
2021-05-13 16:13:07 0 [Note] InnoDB: Using SSE2 crc32 instructions
2021-05-13 16:13:08 0 [Note] InnoDB: Initializing buffer pool, total size = 16M, instances = 1, chunk size = 16M
2021-05-13 16:13:08 0 [Note] InnoDB: Completed initialization of buffer pool
2021-05-13 16:13:08 0 [Note] InnoDB: Starting crash recovery from checkpoint LSN=322917
2021-05-13 16:13:09 0 [Note] InnoDB: 128 out of 128 rollback segments are active.
2021-05-13 16:13:09 0 [Note] InnoDB: Removed temporary tablespace data file: "ibtmp1"
2021-05-13 16:13:09 0 [Note] InnoDB: Creating shared tablespace for temporary tables
2021-05-13 16:13:09 0 [Note] InnoDB: Setting file 'C:\xampp\mysql\data\ibtmp1' size to 12 MB. Physically writing the file full; Please wait ...
2021-05-13 16:13:09 0 [Note] InnoDB: File 'C:\xampp\mysql\data\ibtmp1' size is now 12 MB.
2021-05-13 16:13:09 0 [Note] InnoDB: Waiting for purge to start
2021-05-13 16:13:09 0 [Note] InnoDB: 10.4.17 started; log sequence number 322926; transaction id 279
2021-05-13 16:13:09 0 [Note] InnoDB: Loading buffer pool(s) from C:\xampp\mysql\data\ib_buffer_pool
2021-05-13 16:13:09 0 [Note] Plugin 'FEEDBACK' is disabled.
2021-05-13 16:13:10 0 [Note] Server socket created on IP: '::'.
InnoDB: using atomic writes.
2021-05-15 16:14:11 0 [Note] InnoDB: Mutexes and rw_locks use Windows interlocked functions
2021-05-15 16:14:11 0 [Note] InnoDB: Uses event mutexes
2021-05-15 16:14:11 0 [Note] InnoDB: Compressed tables use zlib 1.2.11
2021-05-15 16:14:11 0 [Note] InnoDB: Number of pools: 1
2021-05-15 16:14:11 0 [Note] InnoDB: Using SSE2 crc32 instructions
2021-05-15 16:14:11 0 [Note] InnoDB: Initializing buffer pool, total size = 16M, instances = 1, chunk size = 16M
2021-05-15 16:14:11 0 [Note] InnoDB: Completed initialization of buffer pool
2021-05-15 16:14:11 0 [Note] InnoDB: Starting crash recovery from checkpoint LSN=322935
2021-05-15 16:14:12 0 [Note] InnoDB: 128 out of 128 rollback segments are active.
2021-05-15 16:14:12 0 [Note] InnoDB: Removed temporary tablespace data file: "ibtmp1"
2021-05-15 16:14:12 0 [Note] InnoDB: Creating shared tablespace for temporary tables
2021-05-15 16:14:12 0 [Note] InnoDB: Setting file 'C:\xampp\mysql\data\ibtmp1' size to 12 MB. Physically writing the file full; Please wait ...
2021-05-15 16:14:12 0 [Note] InnoDB: File 'C:\xampp\mysql\data\ibtmp1' size is now 12 MB.
2021-05-15 16:14:12 0 [Note] InnoDB: Waiting for purge to start
2021-05-15 16:14:12 0 [Note] InnoDB: 10.4.17 started; log sequence number 322944; transaction id 279
2021-05-15 16:14:12 0 [Note] InnoDB: Loading buffer pool(s) from C:\xampp\mysql\data\ib_buffer_pool
2021-05-15 16:14:12 0 [Note] Plugin 'FEEDBACK' is disabled.
2021-05-15 16:14:12 0 [Note] Server socket created on IP: '::'.
InnoDB: using atomic writes.
2021-05-15 16:45:41 0 [Note] InnoDB: Mutexes and rw_locks use Windows interlocked functions
2021-05-15 16:45:41 0 [Note] InnoDB: Uses event mutexes
2021-05-15 16:45:41 0 [Note] InnoDB: Compressed tables use zlib 1.2.11
2021-05-15 16:45:41 0 [Note] InnoDB: Number of pools: 1
2021-05-15 16:45:41 0 [Note] InnoDB: Using SSE2 crc32 instructions
2021-05-15 16:45:41 0 [Note] InnoDB: Initializing buffer pool, total size = 16M, instances = 1, chunk size = 16M
2021-05-15 16:45:41 0 [Note] InnoDB: Completed initialization of buffer pool
2021-05-15 16:45:41 0 [Note] InnoDB: Starting crash recovery from checkpoint LSN=322953
2021-05-15 16:45:41 0 [Note] InnoDB: 128 out of 128 rollback segments are active.
2021-05-15 16:45:41 0 [Note] InnoDB: Removed temporary tablespace data file: "ibtmp1"
2021-05-15 16:45:41 0 [Note] InnoDB: Creating shared tablespace for temporary tables
2021-05-15 16:45:41 0 [Note] InnoDB: Setting file 'C:\xampp\mysql\data\ibtmp1' size to 12 MB. Physically writing the file full; Please wait ...
2021-05-15 16:45:41 0 [Note] InnoDB: File 'C:\xampp\mysql\data\ibtmp1' size is now 12 MB.
2021-05-15 16:45:41 0 [Note] InnoDB: Waiting for purge to start
2021-05-15 16:45:41 0 [Note] InnoDB: 10.4.17 started; log sequence number 322962; transaction id 279
2021-05-15 16:45:41 0 [Note] InnoDB: Loading buffer pool(s) from C:\xampp\mysql\data\ib_buffer_pool
2021-05-15 16:45:41 0 [Note] Plugin 'FEEDBACK' is disabled.
2021-05-15 16:45:41 0 [Note] Server socket created on IP: '::'.
InnoDB: using atomic writes.
2021-05-17 17:16:21 0 [Note] InnoDB: Mutexes and rw_locks use Windows interlocked functions
2021-05-17 17:16:21 0 [Note] InnoDB: Uses event mutexes
2021-05-17 17:16:21 0 [Note] InnoDB: Compressed tables use zlib 1.2.11
2021-05-17 17:16:21 0 [Note] InnoDB: Number of pools: 1
2021-05-17 17:16:21 0 [Note] InnoDB: Using SSE2 crc32 instructions
2021-05-17 17:16:21 0 [Note] InnoDB: Initializing buffer pool, total size = 16M, instances = 1, chunk size = 16M
2021-05-17 17:16:21 0 [Note] InnoDB: Completed initialization of buffer pool
2021-05-17 17:16:21 0 [Note] InnoDB: Starting crash recovery from checkpoint LSN=322971
2021-05-17 17:16:24 0 [Note] InnoDB: 128 out of 128 rollback segments are active.
2021-05-17 17:16:24 0 [Note] InnoDB: Removed temporary tablespace data file: "ibtmp1"
2021-05-17 17:16:24 0 [Note] InnoDB: Creating shared tablespace for temporary tables
2021-05-17 17:16:24 0 [Note] InnoDB: Setting file 'C:\xampp\mysql\data\ibtmp1' size to 12 MB. Physically writing the file full; Please wait ...
2021-05-17 17:16:24 0 [Note] InnoDB: File 'C:\xampp\mysql\data\ibtmp1' size is now 12 MB.
2021-05-17 17:16:24 0 [Note] InnoDB: Waiting for purge to start
2021-05-17 17:16:24 0 [Note] InnoDB: Waiting for purge to start
2021-05-17 17:16:24 0 [Note] InnoDB: 10.4.17 started; log sequence number 322980; transaction id 279
2021-05-17 17:16:24 0 [Note] InnoDB: Loading buffer pool(s) from C:\xampp\mysql\data\ib_buffer_pool
2021-05-17 17:16:24 0 [Note] Plugin 'FEEDBACK' is disabled.
2021-05-17 17:16:24 0 [Note] InnoDB: Buffer pool(s) load completed at 210517 17:16:24
2021-05-17 17:16:24 0 [Note] Server socket created on IP: '::'.
InnoDB: using atomic writes.
2021-05-18 21:58:52 0 [Note] InnoDB: Mutexes and rw_locks use Windows interlocked functions
2021-05-18 21:58:52 0 [Note] InnoDB: Uses event mutexes
2021-05-18 21:58:52 0 [Note] InnoDB: Compressed tables use zlib 1.2.11
2021-05-18 21:58:52 0 [Note] InnoDB: Number of pools: 1
2021-05-18 21:58:52 0 [Note] InnoDB: Using SSE2 crc32 instructions
2021-05-18 21:58:52 0 [Note] InnoDB: Initializing buffer pool, total size = 16M, instances = 1, chunk size = 16M
2021-05-18 21:58:52 0 [Note] InnoDB: Completed initialization of buffer pool
2021-05-18 21:58:53 0 [Note] InnoDB: Starting crash recovery from checkpoint LSN=330260
2021-05-18 21:58:55 0 [Note] InnoDB: 128 out of 128 rollback segments are active.
2021-05-18 21:58:55 0 [Note] InnoDB: Removed temporary tablespace data file: "ibtmp1"
2021-05-18 21:58:55 0 [Note] InnoDB: Creating shared tablespace for temporary tables
2021-05-18 21:58:55 0 [Note] InnoDB: Setting file 'C:\xampp\mysql\data\ibtmp1' size to 12 MB. Physically writing the file full; Please wait ...
2021-05-18 21:58:55 0 [Note] InnoDB: File 'C:\xampp\mysql\data\ibtmp1' size is now 12 MB.
2021-05-18 21:58:55 0 [Note] InnoDB: Waiting for purge to start
2021-05-18 21:58:55 0 [Note] InnoDB: 10.4.17 started; log sequence number 330269; transaction id 304
2021-05-18 21:58:55 0 [Note] InnoDB: Loading buffer pool(s) from C:\xampp\mysql\data\ib_buffer_pool
2021-05-18 21:58:55 0 [Note] Plugin 'FEEDBACK' is disabled.
2021-05-18 21:58:56 0 [Note] InnoDB: Buffer pool(s) load completed at 210518 21:58:56
2021-05-18 21:58:56 0 [Note] Server socket created on IP: '::'.
